Watching for file changes with StatReloader
Watching for file changes with StatReloader
Watching for file changes with StatReloader
/Users/ughestaff/Library/CloudStorage/OneDrive-IUInternationalUniversityofAppliedSciences/School/Subjects/In Progress/Project Software Engineering/BloodLoof/2. Development Phase/Codes/hospital/managers.py changed, reloading.
Watching for file changes with StatReloader
Watching for file changes with StatReloader
Watching for file changes with StatReloader
Watching for file changes with StatReloader
/Users/ughestaff/Library/CloudStorage/OneDrive-IUInternationalUniversityofAppliedSciences/School/Subjects/In Progress/Project Software Engineering/BloodLoof/2. Development Phase/Codes/hospital/managers.py changed, reloading.
Watching for file changes with StatReloader
Watching for file changes with StatReloader
/Users/ughestaff/Library/CloudStorage/OneDrive-IUInternationalUniversityofAppliedSciences/School/Subjects/In Progress/Project Software Engineering/BloodLoof/2. Development Phase/Codes/hospital/managers.py changed, reloading.
Watching for file changes with StatReloader
Watching for file changes with StatReloader
/Users/ughestaff/Library/CloudStorage/OneDrive-IUInternationalUniversityofAppliedSciences/School/Subjects/In Progress/Project Software Engineering/BloodLoof/2. Development Phase/Codes/hospital/managers.py changed, reloading.
Watching for file changes with StatReloader
Watching for file changes with StatReloader
/Users/ughestaff/Library/CloudStorage/OneDrive-IUInternationalUniversityofAppliedSciences/School/Subjects/In Progress/Project Software Engineering/BloodLoof/2. Development Phase/Codes/hospital/managers.py changed, reloading.
Watching for file changes with StatReloader
/Users/ughestaff/Library/CloudStorage/OneDrive-IUInternationalUniversityofAppliedSciences/School/Subjects/In Progress/Project Software Engineering/BloodLoof/2. Development Phase/Codes/hospital/managers.py changed, reloading.
Watching for file changes with StatReloader
/Users/ughestaff/Library/CloudStorage/OneDrive-IUInternationalUniversityofAppliedSciences/School/Subjects/In Progress/Project Software Engineering/BloodLoof/2. Development Phase/Codes/hospital/models.py changed, reloading.
Watching for file changes with StatReloader
/Users/ughestaff/Library/CloudStorage/OneDrive-IUInternationalUniversityofAppliedSciences/School/Subjects/In Progress/Project Software Engineering/BloodLoof/2. Development Phase/Codes/hospital/models.py changed, reloading.
Watching for file changes with StatReloader
/Users/ughestaff/Library/CloudStorage/OneDrive-IUInternationalUniversityofAppliedSciences/School/Subjects/In Progress/Project Software Engineering/BloodLoof/2. Development Phase/Codes/hospital/models.py changed, reloading.
Watching for file changes with StatReloader
/Users/ughestaff/Library/CloudStorage/OneDrive-IUInternationalUniversityofAppliedSciences/School/Subjects/In Progress/Project Software Engineering/BloodLoof/2. Development Phase/Codes/Bloodloof_project/settings.py changed, reloading.
Watching for file changes with StatReloader
/Users/ughestaff/Library/CloudStorage/OneDrive-IUInternationalUniversityofAppliedSciences/School/Subjects/In Progress/Project Software Engineering/BloodLoof/2. Development Phase/Codes/Bloodloof_project/urls.py changed, reloading.
Watching for file changes with StatReloader
Watching for file changes with StatReloader
/Users/ughestaff/Library/CloudStorage/OneDrive-IUInternationalUniversityofAppliedSciences/School/Subjects/In Progress/Project Software Engineering/BloodLoof/2. Development Phase/Codes/Bloodloof_project/settings.py changed, reloading.
Watching for file changes with StatReloader
/Users/ughestaff/Library/CloudStorage/OneDrive-IUInternationalUniversityofAppliedSciences/School/Subjects/In Progress/Project Software Engineering/BloodLoof/2. Development Phase/Codes/Bloodloof_project/settings.py changed, reloading.
Watching for file changes with StatReloader
Watching for file changes with StatReloader
/Users/ughestaff/Library/CloudStorage/OneDrive-IUInternationalUniversityofAppliedSciences/School/Subjects/In Progress/Project Software Engineering/BloodLoof/2. Development Phase/Codes/Bloodloof_project/settings.py changed, reloading.
Watching for file changes with StatReloader
/Users/ughestaff/Library/CloudStorage/OneDrive-IUInternationalUniversityofAppliedSciences/School/Subjects/In Progress/Project Software Engineering/BloodLoof/2. Development Phase/Codes/Bloodloof_project/settings.py changed, reloading.
Watching for file changes with StatReloader
Watching for file changes with StatReloader
/Users/ughestaff/Library/CloudStorage/OneDrive-IUInternationalUniversityofAppliedSciences/School/Subjects/In Progress/Project Software Engineering/BloodLoof/2. Development Phase/Codes/hospital/views.py changed, reloading.
Watching for file changes with StatReloader
/Users/ughestaff/Library/CloudStorage/OneDrive-IUInternationalUniversityofAppliedSciences/School/Subjects/In Progress/Project Software Engineering/BloodLoof/2. Development Phase/Codes/Bloodloof_project/settings.py changed, reloading.
Watching for file changes with StatReloader
/Users/ughestaff/Library/CloudStorage/OneDrive-IUInternationalUniversityofAppliedSciences/School/Subjects/In Progress/Project Software Engineering/BloodLoof/2. Development Phase/Codes/Bloodloof_project/settings.py changed, reloading.
Watching for file changes with StatReloader
Watching for file changes with StatReloader
Internal Server Error: /
Traceback (most recent call last):
  File "/Users/ughestaff/.local/share/virtualenvs/Codes-HGfKqt0Z/lib/python3.10/site-packages/django/template/defaulttags.py", line 1027, in find_library
    return parser.libraries[name]
KeyError: 'staticfiles'

During handling of the above exception, another exception occurred:

Traceback (most recent call last):
  File "/Users/ughestaff/.local/share/virtualenvs/Codes-HGfKqt0Z/lib/python3.10/site-packages/django/core/handlers/exception.py", line 55, in inner
    response = get_response(request)
  File "/Users/ughestaff/.local/share/virtualenvs/Codes-HGfKqt0Z/lib/python3.10/site-packages/django/core/handlers/base.py", line 197, in _get_response
    response = wrapped_callback(request, *callback_args, **callback_kwargs)
  File "/Users/ughestaff/Library/CloudStorage/OneDrive-IUInternationalUniversityofAppliedSciences/School/Subjects/In Progress/Project Software Engineering/BloodLoof/2. Development Phase/Codes/authentication/views.py", line 16, in home
    return render(request, "authentication/homepage.html")
  File "/Users/ughestaff/.local/share/virtualenvs/Codes-HGfKqt0Z/lib/python3.10/site-packages/django/shortcuts.py", line 24, in render
    content = loader.render_to_string(template_name, context, request, using=using)
  File "/Users/ughestaff/.local/share/virtualenvs/Codes-HGfKqt0Z/lib/python3.10/site-packages/django/template/loader.py", line 61, in render_to_string
    template = get_template(template_name, using=using)
  File "/Users/ughestaff/.local/share/virtualenvs/Codes-HGfKqt0Z/lib/python3.10/site-packages/django/template/loader.py", line 15, in get_template
    return engine.get_template(template_name)
  File "/Users/ughestaff/.local/share/virtualenvs/Codes-HGfKqt0Z/lib/python3.10/site-packages/django/template/backends/django.py", line 34, in get_template
    return Template(self.engine.get_template(template_name), self)
  File "/Users/ughestaff/.local/share/virtualenvs/Codes-HGfKqt0Z/lib/python3.10/site-packages/django/template/engine.py", line 176, in get_template
    template, origin = self.find_template(template_name)
  File "/Users/ughestaff/.local/share/virtualenvs/Codes-HGfKqt0Z/lib/python3.10/site-packages/django/template/engine.py", line 158, in find_template
    template = loader.get_template(name, skip=skip)
  File "/Users/ughestaff/.local/share/virtualenvs/Codes-HGfKqt0Z/lib/python3.10/site-packages/django/template/loaders/base.py", line 28, in get_template
    return Template(
  File "/Users/ughestaff/.local/share/virtualenvs/Codes-HGfKqt0Z/lib/python3.10/site-packages/django/template/base.py", line 154, in __init__
    self.nodelist = self.compile_nodelist()
  File "/Users/ughestaff/.local/share/virtualenvs/Codes-HGfKqt0Z/lib/python3.10/site-packages/django/template/base.py", line 200, in compile_nodelist
    return parser.parse()
  File "/Users/ughestaff/.local/share/virtualenvs/Codes-HGfKqt0Z/lib/python3.10/site-packages/django/template/base.py", line 513, in parse
    raise self.error(token, e)
  File "/Users/ughestaff/.local/share/virtualenvs/Codes-HGfKqt0Z/lib/python3.10/site-packages/django/template/base.py", line 511, in parse
    compiled_result = compile_func(self, token)
  File "/Users/ughestaff/.local/share/virtualenvs/Codes-HGfKqt0Z/lib/python3.10/site-packages/django/template/defaulttags.py", line 1089, in load
    lib = find_library(parser, name)
  File "/Users/ughestaff/.local/share/virtualenvs/Codes-HGfKqt0Z/lib/python3.10/site-packages/django/template/defaulttags.py", line 1029, in find_library
    raise TemplateSyntaxError(
django.template.exceptions.TemplateSyntaxError: 'staticfiles' is not a registered tag library. Must be one of:
admin_list
admin_modify
admin_urls
cache
i18n
l10n
log
static
tz
"GET / HTTP/1.1" 500 151159
Not Found: /favicon.ico
- Broken pipe from ('127.0.0.1', 51768)

Internal Server Error: /
Traceback (most recent call last):
  File "/Users/ughestaff/.local/share/virtualenvs/Codes-HGfKqt0Z/lib/python3.10/site-packages/django/template/defaulttags.py", line 1027, in find_library
    return parser.libraries[name]
KeyError: 'staticfiles'

During handling of the above exception, another exception occurred:

Traceback (most recent call last):
  File "/Users/ughestaff/.local/share/virtualenvs/Codes-HGfKqt0Z/lib/python3.10/site-packages/django/core/handlers/exception.py", line 55, in inner
    response = get_response(request)
  File "/Users/ughestaff/.local/share/virtualenvs/Codes-HGfKqt0Z/lib/python3.10/site-packages/django/core/handlers/base.py", line 197, in _get_response
    response = wrapped_callback(request, *callback_args, **callback_kwargs)
  File "/Users/ughestaff/Library/CloudStorage/OneDrive-IUInternationalUniversityofAppliedSciences/School/Subjects/In Progress/Project Software Engineering/BloodLoof/2. Development Phase/Codes/authentication/views.py", line 16, in home
    return render(request, "authentication/homepage.html")
  File "/Users/ughestaff/.local/share/virtualenvs/Codes-HGfKqt0Z/lib/python3.10/site-packages/django/shortcuts.py", line 24, in render
    content = loader.render_to_string(template_name, context, request, using=using)
  File "/Users/ughestaff/.local/share/virtualenvs/Codes-HGfKqt0Z/lib/python3.10/site-packages/django/template/loader.py", line 61, in render_to_string
    template = get_template(template_name, using=using)
  File "/Users/ughestaff/.local/share/virtualenvs/Codes-HGfKqt0Z/lib/python3.10/site-packages/django/template/loader.py", line 15, in get_template
    return engine.get_template(template_name)
  File "/Users/ughestaff/.local/share/virtualenvs/Codes-HGfKqt0Z/lib/python3.10/site-packages/django/template/backends/django.py", line 34, in get_template
    return Template(self.engine.get_template(template_name), self)
  File "/Users/ughestaff/.local/share/virtualenvs/Codes-HGfKqt0Z/lib/python3.10/site-packages/django/template/engine.py", line 176, in get_template
    template, origin = self.find_template(template_name)
  File "/Users/ughestaff/.local/share/virtualenvs/Codes-HGfKqt0Z/lib/python3.10/site-packages/django/template/engine.py", line 158, in find_template
    template = loader.get_template(name, skip=skip)
  File "/Users/ughestaff/.local/share/virtualenvs/Codes-HGfKqt0Z/lib/python3.10/site-packages/django/template/loaders/base.py", line 28, in get_template
    return Template(
  File "/Users/ughestaff/.local/share/virtualenvs/Codes-HGfKqt0Z/lib/python3.10/site-packages/django/template/base.py", line 154, in __init__
    self.nodelist = self.compile_nodelist()
  File "/Users/ughestaff/.local/share/virtualenvs/Codes-HGfKqt0Z/lib/python3.10/site-packages/django/template/base.py", line 200, in compile_nodelist
    return parser.parse()
  File "/Users/ughestaff/.local/share/virtualenvs/Codes-HGfKqt0Z/lib/python3.10/site-packages/django/template/base.py", line 513, in parse
    raise self.error(token, e)
  File "/Users/ughestaff/.local/share/virtualenvs/Codes-HGfKqt0Z/lib/python3.10/site-packages/django/template/base.py", line 511, in parse
    compiled_result = compile_func(self, token)
  File "/Users/ughestaff/.local/share/virtualenvs/Codes-HGfKqt0Z/lib/python3.10/site-packages/django/template/defaulttags.py", line 1089, in load
    lib = find_library(parser, name)
  File "/Users/ughestaff/.local/share/virtualenvs/Codes-HGfKqt0Z/lib/python3.10/site-packages/django/template/defaulttags.py", line 1029, in find_library
    raise TemplateSyntaxError(
django.template.exceptions.TemplateSyntaxError: 'staticfiles' is not a registered tag library. Must be one of:
admin_list
admin_modify
admin_urls
cache
i18n
l10n
log
static
tz
"GET / HTTP/1.1" 500 151159
"GET / HTTP/1.1" 200 9418
"GET /static/css/main.css HTTP/1.1" 200 1734
"GET /static/node_modules/bulma/bulma HTTP/1.1" 404 1932
"GET /static/Images/Logo.jpeg HTTP/1.1" 200 16875
"GET /static/Images/img-howitworks-2.jpeg HTTP/1.1" 304 0
"GET /static/Images/Head_Picture.png HTTP/1.1" 200 124574
"GET /static/Images/email-box.jpeg HTTP/1.1" 200 106280
"GET /static/Images/Lisa.png HTTP/1.1" 200 210470
"GET /static/Images/Background2.jpeg HTTP/1.1" 200 75617
Internal Server Error: /user_signup
Traceback (most recent call last):
  File "/Users/ughestaff/.local/share/virtualenvs/Codes-HGfKqt0Z/lib/python3.10/site-packages/django/template/defaulttags.py", line 1027, in find_library
    return parser.libraries[name]
KeyError: 'staticfiles'

During handling of the above exception, another exception occurred:

Traceback (most recent call last):
  File "/Users/ughestaff/.local/share/virtualenvs/Codes-HGfKqt0Z/lib/python3.10/site-packages/django/core/handlers/exception.py", line 55, in inner
    response = get_response(request)
  File "/Users/ughestaff/.local/share/virtualenvs/Codes-HGfKqt0Z/lib/python3.10/site-packages/django/core/handlers/base.py", line 197, in _get_response
    response = wrapped_callback(request, *callback_args, **callback_kwargs)
  File "/Users/ughestaff/Library/CloudStorage/OneDrive-IUInternationalUniversityofAppliedSciences/School/Subjects/In Progress/Project Software Engineering/BloodLoof/2. Development Phase/Codes/authentication/views.py", line 70, in user_signup
    return render(request, "authentication/user_signup.html")
  File "/Users/ughestaff/.local/share/virtualenvs/Codes-HGfKqt0Z/lib/python3.10/site-packages/django/shortcuts.py", line 24, in render
    content = loader.render_to_string(template_name, context, request, using=using)
  File "/Users/ughestaff/.local/share/virtualenvs/Codes-HGfKqt0Z/lib/python3.10/site-packages/django/template/loader.py", line 61, in render_to_string
    template = get_template(template_name, using=using)
  File "/Users/ughestaff/.local/share/virtualenvs/Codes-HGfKqt0Z/lib/python3.10/site-packages/django/template/loader.py", line 15, in get_template
    return engine.get_template(template_name)
  File "/Users/ughestaff/.local/share/virtualenvs/Codes-HGfKqt0Z/lib/python3.10/site-packages/django/template/backends/django.py", line 34, in get_template
    return Template(self.engine.get_template(template_name), self)
  File "/Users/ughestaff/.local/share/virtualenvs/Codes-HGfKqt0Z/lib/python3.10/site-packages/django/template/engine.py", line 176, in get_template
    template, origin = self.find_template(template_name)
  File "/Users/ughestaff/.local/share/virtualenvs/Codes-HGfKqt0Z/lib/python3.10/site-packages/django/template/engine.py", line 158, in find_template
    template = loader.get_template(name, skip=skip)
  File "/Users/ughestaff/.local/share/virtualenvs/Codes-HGfKqt0Z/lib/python3.10/site-packages/django/template/loaders/base.py", line 28, in get_template
    return Template(
  File "/Users/ughestaff/.local/share/virtualenvs/Codes-HGfKqt0Z/lib/python3.10/site-packages/django/template/base.py", line 154, in __init__
    self.nodelist = self.compile_nodelist()
  File "/Users/ughestaff/.local/share/virtualenvs/Codes-HGfKqt0Z/lib/python3.10/site-packages/django/template/base.py", line 200, in compile_nodelist
    return parser.parse()
  File "/Users/ughestaff/.local/share/virtualenvs/Codes-HGfKqt0Z/lib/python3.10/site-packages/django/template/base.py", line 513, in parse
    raise self.error(token, e)
  File "/Users/ughestaff/.local/share/virtualenvs/Codes-HGfKqt0Z/lib/python3.10/site-packages/django/template/base.py", line 511, in parse
    compiled_result = compile_func(self, token)
  File "/Users/ughestaff/.local/share/virtualenvs/Codes-HGfKqt0Z/lib/python3.10/site-packages/django/template/defaulttags.py", line 1089, in load
    lib = find_library(parser, name)
  File "/Users/ughestaff/.local/share/virtualenvs/Codes-HGfKqt0Z/lib/python3.10/site-packages/django/template/defaulttags.py", line 1029, in find_library
    raise TemplateSyntaxError(
django.template.exceptions.TemplateSyntaxError: 'staticfiles' is not a registered tag library. Must be one of:
admin_list
admin_modify
admin_urls
cache
i18n
l10n
log
static
tz
"GET /user_signup HTTP/1.1" 500 148263
"GET /user_signup HTTP/1.1" 200 5223
"GET /static/css/main.css HTTP/1.1" 304 0
"GET /static/Images/email-box.jpeg HTTP/1.1" 304 0
"GET /static/Images/Logo.jpeg HTTP/1.1" 304 0
"GET /static/node_modules/bulma/bulma HTTP/1.1" 404 1932
"GET /static/Images/Background2.jpeg HTTP/1.1" 304 0
Internal Server Error: /hospital_signin
Traceback (most recent call last):
  File "/Users/ughestaff/.local/share/virtualenvs/Codes-HGfKqt0Z/lib/python3.10/site-packages/django/template/defaulttags.py", line 1027, in find_library
    return parser.libraries[name]
KeyError: 'staticfiles'

During handling of the above exception, another exception occurred:

Traceback (most recent call last):
  File "/Users/ughestaff/.local/share/virtualenvs/Codes-HGfKqt0Z/lib/python3.10/site-packages/django/core/handlers/exception.py", line 55, in inner
    response = get_response(request)
  File "/Users/ughestaff/.local/share/virtualenvs/Codes-HGfKqt0Z/lib/python3.10/site-packages/django/core/handlers/base.py", line 197, in _get_response
    response = wrapped_callback(request, *callback_args, **callback_kwargs)
  File "/Users/ughestaff/Library/CloudStorage/OneDrive-IUInternationalUniversityofAppliedSciences/School/Subjects/In Progress/Project Software Engineering/BloodLoof/2. Development Phase/Codes/hospital/views.py", line 39, in hospital_signin
    return render(request, "hospital/hospital_signin.html")
  File "/Users/ughestaff/.local/share/virtualenvs/Codes-HGfKqt0Z/lib/python3.10/site-packages/django/shortcuts.py", line 24, in render
    content = loader.render_to_string(template_name, context, request, using=using)
  File "/Users/ughestaff/.local/share/virtualenvs/Codes-HGfKqt0Z/lib/python3.10/site-packages/django/template/loader.py", line 61, in render_to_string
    template = get_template(template_name, using=using)
  File "/Users/ughestaff/.local/share/virtualenvs/Codes-HGfKqt0Z/lib/python3.10/site-packages/django/template/loader.py", line 15, in get_template
    return engine.get_template(template_name)
  File "/Users/ughestaff/.local/share/virtualenvs/Codes-HGfKqt0Z/lib/python3.10/site-packages/django/template/backends/django.py", line 34, in get_template
    return Template(self.engine.get_template(template_name), self)
  File "/Users/ughestaff/.local/share/virtualenvs/Codes-HGfKqt0Z/lib/python3.10/site-packages/django/template/engine.py", line 176, in get_template
    template, origin = self.find_template(template_name)
  File "/Users/ughestaff/.local/share/virtualenvs/Codes-HGfKqt0Z/lib/python3.10/site-packages/django/template/engine.py", line 158, in find_template
    template = loader.get_template(name, skip=skip)
  File "/Users/ughestaff/.local/share/virtualenvs/Codes-HGfKqt0Z/lib/python3.10/site-packages/django/template/loaders/base.py", line 28, in get_template
    return Template(
  File "/Users/ughestaff/.local/share/virtualenvs/Codes-HGfKqt0Z/lib/python3.10/site-packages/django/template/base.py", line 154, in __init__
    self.nodelist = self.compile_nodelist()
  File "/Users/ughestaff/.local/share/virtualenvs/Codes-HGfKqt0Z/lib/python3.10/site-packages/django/template/base.py", line 200, in compile_nodelist
    return parser.parse()
  File "/Users/ughestaff/.local/share/virtualenvs/Codes-HGfKqt0Z/lib/python3.10/site-packages/django/template/base.py", line 513, in parse
    raise self.error(token, e)
  File "/Users/ughestaff/.local/share/virtualenvs/Codes-HGfKqt0Z/lib/python3.10/site-packages/django/template/base.py", line 511, in parse
    compiled_result = compile_func(self, token)
  File "/Users/ughestaff/.local/share/virtualenvs/Codes-HGfKqt0Z/lib/python3.10/site-packages/django/template/defaulttags.py", line 1089, in load
    lib = find_library(parser, name)
  File "/Users/ughestaff/.local/share/virtualenvs/Codes-HGfKqt0Z/lib/python3.10/site-packages/django/template/defaulttags.py", line 1029, in find_library
    raise TemplateSyntaxError(
django.template.exceptions.TemplateSyntaxError: 'staticfiles' is not a registered tag library. Must be one of:
admin_list
admin_modify
admin_urls
cache
i18n
l10n
log
static
tz
"GET /hospital_signin HTTP/1.1" 500 147446
"GET /hospital_signin HTTP/1.1" 200 3312
"GET /static/Images/Logo.jpeg HTTP/1.1" 304 0
"GET /static/css/main.css HTTP/1.1" 304 0
"GET /static/node_modules/bulma/bulma HTTP/1.1" 404 1932
"GET /static/Images/Background2.jpeg HTTP/1.1" 304 0
"POST /hospital_account HTTP/1.1" 200 4
"POST /hospital_account HTTP/1.1" 200 4
"GET / HTTP/1.1" 200 9418
"GET /static/Images/img-howitworks-2.jpeg HTTP/1.1" 304 0
"GET /static/node_modules/bulma/bulma HTTP/1.1" 404 1932
"GET /user_signin HTTP/1.1" 200 3350
"GET /static/node_modules/bulma/bulma HTTP/1.1" 404 1932
"POST /user_account HTTP/1.1" 200 5687
"GET /static/node_modules/bulma/bulma HTTP/1.1" 404 1932
